d8:9a:1b:2f:0b:1f,1,2018-04-30 16:37:09,112.77821449183087,45.985224025009956,144.89963265007523
a2:e9:e1:c8:f9:6d,2,2018-04-30 16:38:09,111.91460031320358,38.61402436532981,109.27301489004891
a1:9d:b6:0b:c9:d0,3,2018-04-30 16:39:09,91.15505452813207,47.59145330345374,1.0926545889108208
a2:e2:f0:5e:9a:c4,4,2018-04-30 16:40:09,84.28090068183035,53.191534668761,18.4867837621602
6f:b7:6f:e6:7e:3e,5,2018-04-30 16:41:09,81.60405297731901,40.18517687753079,134.83537125287953
4d:f0:5c:b4:9c:1c,6,2018-04-30 16:42:09,80.82668062776155,46.41171187602337,95.48358694553988
6b:3b:a5:e1:1b:e3,7,2018-04-30 16:43:09,105.99770281688885,12.790681811334482,62.64422398971633
1c:2f:5f:c1:9d:9d,8,2018-04-30 16:44:09,128.97046048349688,49.45591070178905,47.58227200507736
d1:0c:2f:f0:2b:e2,9,2018-04-30 16:45:09,122.22439008463815,30.177741166339484,95.68924146504219
c0:a3:0b:d5:c5:7b,10,2018-04-30 16:46:09,114.55884706775724,52.83476501948716,85.04984736562959
7a:9c:b4:b0:b1:0a,11,2018-04-30 16:47:09,80.38959291880002,34.276912125211815,50.89337538805479
4e:a9:7b:f1:a2:d0,12,2018-04-30 16:48:09,87.30501210281862,42.58293648031055,15.152266393282336
2f:1f:c6:8c:4f:b1,13,2018-04-30 16:49:09,110.79259560244941,13.867923760099961,71.76861170885006
e7:c5:8c:3c:c0:f0,14,2018-04-30 16:50:09,130.4585884613952,7.972704229335367,67.85033387903438
3c:3f:0d:4e:d3:2b,15,2018-04-30 16:51:09,89.8932330616218,42.24409189636896,109.55607533799616
a6:e0:c7:c0:7a:f8,16,2018-04-30 16:52:09,126.72699822768271,7.30785411439582,62.2936185114653
8d:f7:8d:9b:b7:d3,17,2018-04-30 16:53:09,92.55535323221751,42.92833115419941,136.29652230161278
c1:f1:a9:c0:5f:6c,18,2018-04-30 16:54:09,74.45496201319095,13.745209295301446,32.65873233470192
a1:3e:7b:b2:f3:6e,19,2018-04-30 16:55:09,115.05001352916445,23.610892448193326,61.72358426964031
a7:0e:f0:6d:5f:6c,20,2018-04-30 16:56:09,93.6305919024844,4.649567653900066,27.34803541373689
6a:8c:b7:c0:6e:2a,21,2018-04-30 16:57:09,131.22339172813102,3.9232519128405037,10.870046527937884
7b:a5:1c:6d:c4:d9,22,2018-04-30 16:58:09,90.36245710975275,30.661967020923257,93.52956010665847
2a:3b:e7:1e:d4:5f,23,2018-04-30 16:59:09,133.3633890369556,41.531266380128706,10.74300033179261
2a:e5:f4:f6:8f:f6,24,2018-04-30 17:00:09,119.27426469082548,42.931570578363555,32.51288448390967
0d:8c:f0:2d:c4:c7,25,2018-04-30 17:01:09,110.68605629384851,16.052599407103212,29.753930747668633
4d:b6:e5:0d:a1:6a,26,2018-04-30 17:02:09,104.99910783619927,11.857784505001367,43.850340193588856
8b:e0:b2:3c:f7:e6,27,2018-04-30 17:03:09,122.59102818058142,42.276049016768354,139.56596935927087
a0:b4:d4:a6:7d:2e,28,2018-04-30 17:04:09,125.70703577070148,46.18862294191712,115.84859749522445
b6:f6:c9:1c:3e:9b,29,2018-04-30 17:05:09,87.37548878469748,7.4039099213605715,139.51396226885558
6a:7d:9b:d3:6d:a2,30,2018-04-30 17:06:09,87.48406185096995,46.53648413736724,12.60906768916881
2d:c1:0f:4a:0d:e0,31,2018-04-30 17:07:09,108.23683130626553,52.94199532389757,151.09334063968683
b2:0f:b1:f9:8f:0a,32,2018-04-30 17:08:09,126.53859379507003,31.932767451871534,69.02403295640123
3b:f9:d6:6f:c1:3e,33,2018-04-30 17:09:09,105.34151364413006,52.91740411971386,49.82985878760463
8c:f7:d1:c6:4a:3a,34,2018-04-30 17:10:09,112.9781976696374,38.27688671607435,37.60720806058903
8c:6e:a4:a5:f2:e0,35,2018-04-30 17:11:09,110.21248227837347,20.05332562269633,104.13468476660047
e8:a6:2d:7b:c9:1f,36,2018-04-30 17:12:09,80.88920235198071,20.69307565440138,50.369653034083825
d7:f6:5e:a9:9f:2f,37,2018-04-30 17:13:09,123.67352142014741,53.200750422821066,89.96877292106667
b2:6b:8f:6f:5a:e9,38,2018-04-30 17:14:09,88.43572218102318,44.65601926070006,102.95754575607845
1d:2d:8d:c7:c9:8a,39,2018-04-30 17:15:09,111.15138704962577,4.198711936472549,41.734489962571544
b5:d6:9f:5d:9d:c8,40,2018-04-30 17:16:09,114.60424521014897,50.40840654138788,56.794358428542196
1b:1a:0f:c0:c9:c6,41,2018-04-30 17:17:09,92.93839698030376,40.992994394859316,116.73303462845668
8e:c1:4c:e9:6d:8d,42,2018-04-30 17:18:09,110.90306259897694,17.216158562474156,115.02191264702763
6b:b6:8d:5f:2b:9b,43,2018-04-30 17:19:09,109.62095564039325,23.263496474772317,8.71303149269959
e2:8c:a3:a5:b3:d0,44,2018-04-30 17:20:09,104.53150115101832,9.68206782575095,14.282951034769102
e9:2e:5a:b2:f6:7e,45,2018-04-30 17:21:09,100.91908988236754,19.039003915670225,120.04828350222355
7a:9e:8b:e6:e1:c2,46,2018-04-30 17:22:09,94.22120573264662,21.047653460214416,84.70351714989785
9f:3d:1e:9c:b8:7c,47,2018-04-30 17:23:09,86.62840761765563,21.889350439651512,158.22070125130568
d3:9d:c6:d7:0f:e0,48,2018-04-30 17:24:09,129.35566807889293,46.55297518925621,52.6265075127574
d1:3f:e9:8a:c6:e8,49,2018-04-30 17:25:09,124.96882326455264,15.247241264339943,94.15820547639575
2d:b2:4c:1c:a2:3f,50,2018-04-30 17:26:09,76.9525303175998,51.60431187427376,83.04039763112453
c2:8e:5f:a8:f3:4b,51,2018-04-30 17:27:09,92.3480064287008,26.80790730728356,83.96647125519092
a5:c9:6c:3e:8d:c9,52,2018-04-30 17:28:09,121.41986684846646,34.70630087700745,25.17370189006004
e1:a9:a2:a3:a8:f8,53,2018-04-30 17:29:09,109.66106228028144,4.287868620456462,131.58995842683896
0f:d1:6f:a7:5a:c2,54,2018-04-30 17:30:09,100.46955219923368,7.82321798357316,47.47713622849478
1a:b6:f0:2f:5c:e2,55,2018-04-30 17:31:09,120.52225471016516,52.6897217045484,141.39741132755535
5a:4c:d4:a8:4a:f8,56,2018-04-30 17:32:09,104.33215974277249,5.810744679920513,121.51427574773558
a2:4b:c3:1e:8c:e1,57,2018-04-30 17:33:09,84.00146491246885,19.98457010063405,124.6202850998496
5d:4e:e0:4b:a6:8a,58,2018-04-30 17:34:09,81.52654172536805,12.640225283968526,13.667983839701382
f1:8e:0c:e9:8c:d9,59,2018-04-30 17:35:09,96.1262735330157,5.259716022025669,68.16024020263643
b0:6a:3b:8a:0c:b5,60,2018-04-30 17:36:09,80.58662263693874,11.667984917397872,63.46233512765897
d0:a1:3f:7f:c9:2c,61,2018-04-30 17:37:09,126.64491531525297,11.093198240492468,29.85134074965799
f4:8e:e4:a8:f6:e3,62,2018-04-30 17:38:09,107.56860466098206,43.8577955598326,31.916442818827274
b9:d0:e2:2c:2e:a0,63,2018-04-30 17:39:09,131.88238111938693,51.507527684387874,132.05716954236502
a7:3c:e7:c4:d0:e7,64,2018-04-30 17:40:09,102.02805596643157,28.800925560548098,41.407086003894364
0e:4d:2b:8c:4b:c4,65,2018-04-30 17:41:09,78.5669016039553,22.46896412246953,113.33238760409385
4e:c4:8a:f4:8a:e6,66,2018-04-30 17:42:09,93.72784825866088,15.240324687022614,132.11014940069168
b5:c7:e4:e6:c4:9e,67,2018-04-30 17:43:09,124.42774583942165,38.62379209460416,70.27155776427335
5b:b4:0e:c2:8c:4a,68,2018-04-30 17:44:09,108.93240968668049,16.19266753861304,39.88898132062372
6e:f8:2c:3d:4f:1b,69,2018-04-30 17:45:09,128.63226532489622,14.344425799036651,159.24237168509217
0f:1f:4f:5e:f7:4f,70,2018-04-30 17:46:09,105.20796643690194,48.029921399526124,29.95598613559419
e1:9d:2d:b1:7d:4a,71,2018-04-30 17:47:09,133.25921537937904,35.14472322949477,55.84251418447047
c0:d4:c5:e7:a8:b4,72,2018-04-30 17:48:09,118.23465423602738,36.83751171167952,0.5807193914668908
e8:1a:3b:2b:a7:d2,73,2018-04-30 17:49:09,105.20265672560384,42.962069582317596,41.37412389900599
1f:6a:8e:d9:2d:b0,74,2018-04-30 17:50:09,116.02302786772938,43.01837459040972,82.7282421219203
a1:0f:7f:1c:2e:6f,75,2018-04-30 17:51:09,122.71792055105588,3.9794531289497486,138.02440721148045
f4:c4:f4:e2:e9:c8,76,2018-04-30 17:52:09,127.4884938599526,41.70092535656387,120.73349285623497
a7:6f:3a:2f:b1:8c,77,2018-04-30 17:53:09,124.18793448746237,32.5901909062084,57.48074729986465
0d:b8:d5:4e:c6:5c,78,2018-04-30 17:54:09,79.30018224500137,36.44261356488789,70.53093483392072
d7:7c:d7:a4:a7:3a,79,2018-04-30 17:55:09,85.201949474104,32.21923661257187,138.832054980999
e4:e5:a0:2c:1a:1b,80,2018-04-30 17:56:09,118.3880869702457,21.23876201698417,124.69812613357345
d1:1b:1a:b5:a7:f4,81,2018-04-30 17:57:09,116.03149372357659,28.643536827089132,13.271001882608928
a2:6e:c2:a8:7f:9d,82,2018-04-30 17:58:09,77.14606357295418,47.34698092059415,87.63442976035363
8b:b4:5c:e6:a7:e9,83,2018-04-30 17:59:09,132.49581501603302,29.517292451767883,2.099024773950951
e3:e1:8d:a5:0a:6c,84,2018-04-30 18:00:09,90.89929378903017,24.537537096941946,130.82409163221308
d2:9e:d5:a1:4e:a6,85,2018-04-30 18:01:09,90.12548000267785,24.037088678836092,22.387309892089355
b5:b2:7e:2c:4b:b3,86,2018-04-30 18:02:09,120.06222748712543,8.879087701699918,74.51727083307401
e9:c0:9a:b9:b2:7e,87,2018-04-30 18:03:09,110.95197825687026,7.37565405074022,113.49197172254759
f6:f9:3e:f9:f7:a7,88,2018-04-30 18:04:09,81.16013388266437,4.627205970583105,158.01081300729524
a7:9a:4c:c4:9f:8f,89,2018-04-30 18:05:09,80.0605309368969,38.3392599832993,9.18296544093747
e9:a1:9a:0d:6f:c1,90,2018-04-30 18:06:09,123.5969276709541,10.969166497769118,120.20338928773798
3e:d3:3f:1f:6c:8c,91,2018-04-30 18:07:09,95.77746944235851,27.441812388973045,41.48915701023936
0b:6b:4b:c7:a0:f6,92,2018-04-30 18:08:09,81.09772933103268,40.46633481730009,90.41555696014755
2c:c4:f1:a8:9c:7a,93,2018-04-30 18:09:09,112.38070272922893,40.602392569370664,8.202595923556249
d3:1d:9e:b1:e6:3f,94,2018-04-30 18:10:09,110.87114253802444,50.933930897815664,19.46056590679259
5d:d7:a8:8a:b3:a4,95,2018-04-30 18:11:09,111.49273557067676,18.73945220100552,95.88604235589764
f4:f8:5e:0c:0b:e3,96,2018-04-30 18:12:09,101.70654174864629,36.35025080587503,155.61373814198714
9a:a2:e1:3f:a6:7c,97,2018-04-30 18:13:09,76.02434909517382,49.245593426499894,70.99639972255079
d9:f2:3e:b4:2d:d4,98,2018-04-30 18:14:09,77.77662661630761,4.376311705950261,67.53614970246475
e7:4b:b9:8d:5a:8c,99,2018-04-30 18:15:09,113.57821517562299,18.27061316866359,125.70213436208805
0c:b6:f7:d2:2d:c9,100,2018-04-30 18:16:09,95.0939249775234,43.39719568741527,25.877481211510272
d4:f4:a9:0a:6d:b0,101,2018-04-30 18:17:09,121.13938482702532,16.727677920930304,140.3439097302622
b4:b5:6f:4f:c8:f0,102,2018-04-30 18:18:09,94.61920277010333,25.14473603601094,113.83425326366812
5a:e8:6e:c1:1b:f9,103,2018-04-30 18:19:09,102.39971959137674,10.559601888677326,92.44001686188167
a1:d7:7a:d2:c0:d7,104,2018-04-30 18:20:09,96.79009315454455,51.96343372798578,106.50421741418559
7a:3e:a0:f5:4c:4a,105,2018-04-30 18:21:09,107.39714185819058,14.891986229543388,22.07444150667916
1e:f1:0a:9f:4c:7a,106,2018-04-30 18:22:09,73.94738374534607,47.29317441455149,156.63734415250548
9e:0b:e9:9d:e2:8b,107,2018-04-30 18:23:09,73.79759309957748,32.13230053910988,117.82398491663064
2b:5e:3c:7b:c3:0f,108,2018-04-30 18:24:09,132.45833642546245,39.75342428553833,131.87021897368857
f3:2a:3f:8c:f6:0a,109,2018-04-30 18:25:09,82.65239217419185,31.538356460969194,9.669170045462815
0e:e4:5d:c5:0a:d4,110,2018-04-30 18:26:09,132.1562269096951,15.796407093932158,117.37518766234302
d7:5c:3c:d2:7b:2f,111,2018-04-30 18:27:09,113.13872369658236,13.9054106521615,102.37512895590038
1e:9e:c6:e4:f0:a9,112,2018-04-30 18:28:09,112.12902828882706,38.76287783352212,33.72139854398039
1b:8f:8e:3e:c4:b7,113,2018-04-30 18:29:09,84.68278599602348,51.98479372027906,48.01708564406847
5a:f0:c9:6d:4d:f3,114,2018-04-30 18:30:09,134.26366908976797,52.19011239320933,127.12490136214238
a9:1a:1c:0c:4d:3c,115,2018-04-30 18:31:09,130.83392606129257,16.944799214263526,136.79151917220776
d0:8e:1d:7a:6d:c7,116,2018-04-30 18:32:09,87.35064522421,37.15539745059421,140.6910832183905
f6:f2:e9:f5:0f:b6,117,2018-04-30 18:33:09,115.67775237340562,44.6825553677312,21.64796203819637
c6:a6:b8:d5:8d:d0,118,2018-04-30 18:34:09,90.59127100595681,10.264203703632193,98.9780896461934
a0:d3:f2:2b:9e:1f,119,2018-04-30 18:35:09,121.58858529138047,51.91716672108555,61.30005840722562
2e:c4:c9:b7:5c:6d,120,2018-04-30 18:36:09,116.89909070530607,14.982469947604768,4.252576854471799
d5:2d:f2:f6:c9:b3,121,2018-04-30 18:37:09,104.77477127048932,49.963127936383025,91.12962641094836
d9:c9:0c:7d:3e:c9,122,2018-04-30 18:38:09,104.05600986676932,20.594453578922646,106.4149258026462
a7:b8:3d:d1:d7:e5,123,2018-04-30 18:39:09,121.17342182573903,16.48302330671159,66.66468557267497
8c:f7:4c:a6:3a:1a,124,2018-04-30 18:40:09,96.08825790219694,44.21434105805891,44.93255991410477
0b:9b:c5:c5:d0:1c,125,2018-04-30 18:41:09,131.07999123379193,19.25140892595997,142.5684179179803
a5:5a:2a:e0:a1:9a,126,2018-04-30 18:42:09,131.80925546075986,24.219331056294994,117.80195659474467
f6:e5:d1:1b:a5:f1,127,2018-04-30 18:43:09,128.23683103191846,46.93447306756446,103.64536018266655
5b:f5:3f:3e:1d:b3,128,2018-04-30 18:44:09,79.61506178230752,22.963423808748146,86.21666803969676
3e:f2:c7:2e:d9:a0,129,2018-04-30 18:45:09,82.02506086289101,31.266936317730533,144.21026144566366
6b:2a:c8:7e:c8:c9,130,2018-04-30 18:46:09,112.12649632480884,35.57207523522741,157.14570692435055
d8:1e:c3:2b:7b:3a,131,2018-04-30 18:47:09,133.70663101794622,16.188937954779625,49.53490504861164
1a:1c:e4:d3:2e:c3,132,2018-04-30 18:48:09,77.26363388213764,9.952154181565605,67.11676900904179
0d:c9:2a:d3:7d:b7,133,2018-04-30 18:49:09,102.77396650506957,36.178296664735974,128.98968666416803
c2:2f:e6:e1:c8:b4,134,2018-04-30 18:50:09,90.1320361280182,46.040633491152086,52.31590458721795
6d:8a:4f:a1:f1:2a,135,2018-04-30 18:51:09,82.5527561615507,11.672060057099532,90.8929461403751
e0:d1:0f:d1:8c:1f,136,2018-04-30 18:52:09,129.23422241782964,32.918676275281804,110.83074918355304
f5:c8:6d:2b:c4:9c,137,2018-04-30 18:53:09,105.94379466068197,6.342809210717432,20.979125304556643
9f:5d:9f:c1:0c:1b,138,2018-04-30 18:54:09,107.39183379413187,23.906920643681893,74.87775231090156
b1:1b:f6:a7:a5:b6,139,2018-04-30 18:55:09,113.48561025887344,21.525430679066023,126.78154519313063
f7:5e:c0:b5:4a:c4,140,2018-04-30 18:56:09,118.45596750942079,14.486131433881269,87.0304869191079
6f:0f:8d:c7:c4:9e,141,2018-04-30 18:57:09,108.02074092901375,7.980377010210809,57.3820626831104
b6:0b:e5:9d:b6:e2,142,2018-04-30 18:58:09,79.14403192981791,26.612887635481197,72.64464306621883
b5:a9:7b:d4:4b:d9,143,2018-04-30 18:59:09,91.86358141432396,23.42472621614679,72.72536169775275
e9:a8:b8:3f:d3:7d,144,2018-04-30 19:00:09,106.19604489512838,36.34891878323392,2.000038323438835
8f:9a:1b:d3:f8:c6,145,2018-04-30 19:01:09,74.0749787374503,39.04845467341975,143.11604810321538
7a:0f:b2:d2:3e:b1,146,2018-04-30 19:02:09,93.4384374400297,37.51914599826373,152.92157353775934
f6:2c:b0:9f:b4:3d,147,2018-04-30 19:03:09,88.17137838792812,32.68228867860774,42.56110098125888
6e:4a:e3:a9:e8:6f,148,2018-04-30 19:04:09,122.97386728123139,44.72130936932828,126.25336489513968
6e:1d:f7:6c:6c:6a,149,2018-04-30 19:05:09,81.13936983507945,16.96820874263409,9.87958949887637
a3:a4:4b:e3:d1:c7,150,2018-04-30 19:06:09,106.65103647166359,40.45544692597457,92.46736370758762
7c:8e:f4:5c:2e:c1,151,2018-04-30 19:07:09,82.61284020122507,17.789872498143602,148.50327819680692
f0:3e:f2:b1:f5:8c,152,2018-04-30 19:08:09,99.73275083884097,17.786177725784025,56.687506638938416
e6:0a:0b:b5:c6:e8,153,2018-04-30 19:09:09,118.20572124837079,51.592201239705005,144.92367789402212
5b:d1:b5:d5:a8:2a,154,2018-04-30 19:10:09,93.38035925602145,51.92402622293435,28.121919515433046
3b:b7:d9:4d:4a:0b,155,2018-04-30 19:11:09,112.75033837296755,23.38117519926286,158.43177316013498
7f:e8:0b:f0:0a:4a,156,2018-04-30 19:12:09,130.80767304627275,10.714987686109637,46.71147695445511
f0:6e:7c:8c:d3:5e,157,2018-04-30 19:13:09,114.04521623935717,12.491372627152375,150.47596981125523
e2:a4:f6:1a:b4:f3,158,2018-04-30 19:14:09,131.5851538789368,10.66425817548718,133.63889790572327
b6:b7:a9:b2:f6:f0,159,2018-04-30 19:15:09,126.2877398574972,39.88530198283839,129.04217271495168
2e:7a:3f:0b:a9:c7,160,2018-04-30 19:16:09,82.31284478569724,23.656174575168386,69.28292866012254
b1:7d:0a:2a:4f:7c,161,2018-04-30 19:17:09,132.66180570596103,41.0806583103738,116.11373372763522
7a:b3:d0:5f:6d:1a,162,2018-04-30 19:18:09,129.88617389790994,6.668813008002061,39.221014352152345
a6:9f:f5:5d:1c:7c,163,2018-04-30 19:19:09,81.89388224539732,9.591710043241763,30.232724350331864
c0:4f:d3:f0:b5:b5,164,2018-04-30 19:20:09,131.21074613075268,28.450973435789873,106.14135592582642
c4:f7:1a:f6:4e:b8,165,2018-04-30 19:21:09,106.52465753895203,22.372806257336084,134.71849332272754
c2:6f:b1:6b:4e:f2,166,2018-04-30 19:22:09,96.9170832136573,42.337978003632514,93.02548334079658
f3:a2:c6:b6:6e:a8,167,2018-04-30 19:23:09,102.19029885789092,14.026634500600982,46.509656582831624
6f:1c:9c:9f:e6:7e,168,2018-04-30 19:24:09,125.80136676568713,7.012226233704796,134.66007477254257
3d:c0:d3:a4:c5:c4,169,2018-04-30 19:25:09,114.92460737279163,11.487376322590718,95.07449227370736
5d:d5:f9:2d:6e:d8,170,2018-04-30 19:26:09,120.94506052884985,7.267807739090962,43.11974559527495
a1:d2:e4:f0:5a:2e,171,2018-04-30 19:27:09,115.20382627692365,13.430986109023035,124.3471081943822
2c:3c:4d:f1:e4:e7,172,2018-04-30 19:28:09,95.9863389967237,25.94014040762079,120.66970809868047
d6:0d:e4:9f:8d:a5,173,2018-04-30 19:29:09,87.5886878009149,16.213079492879466,83.4691503529299
e9:f8:4e:6c:9c:2e,174,2018-04-30 19:30:09,103.02981618654734,36.14172198071224,84.383469089441
b6:a6:1a:6a:a0:4e,175,2018-04-30 19:31:09,91.82562410706262,46.82458870712845,56.52268245353099
4d:6d:f3:1d:e7:1d,176,2018-04-30 19:32:09,95.91997285937452,6.290820859216961,57.547304530809726
4b:5e:3a:4c:c1:d5,177,2018-04-30 19:33:09,85.74824837839236,49.00006536698582,60.16392164469368
0d:e0:c0:5b:e0:c3,178,2018-04-30 19:34:09,125.76297607085154,27.233498065252586,135.20660684229443
2d:e0:9a:7d:d2:9a,179,2018-04-30 19:35:09,120.96059037457017,31.358090529170372,133.81948019620475
7f:c2:c6:d9:1b:1d,180,2018-04-30 19:36:09,91.75749033504219,24.90836463178733,112.94388229008588
6e:5c:2e:4e:0c:e6,181,2018-04-30 19:37:09,96.07856046166057,21.721051178974722,126.74695728251
5a:e6:1d:9c:c8:2a,182,2018-04-30 19:38:09,74.01441154998776,24.07790052761247,145.46611333288666
c9:e1:b3:a0:f6:c0,183,2018-04-30 19:39:09,77.06948567884882,19.44295009939496,20.96079554379619
7e:b1:b0:6c:b9:b1,184,2018-04-30 19:40:09,125.86498841615692,52.32056265030206,103.3334079778666
d1:3a:1a:b2:b7:4a,185,2018-04-30 19:41:09,74.59305010458436,19.292149286877766,45.20824020293344
3d:c2:4c:f5:4d:4a,186,2018-04-30 19:42:09,127.07950921701702,50.19693283575296,38.84325513852226
0d:3f:1d:4f:4e:4c,187,2018-04-30 19:43:09,79.25490004351308,17.375328473446743,104.41126092553887
a6:2a:d0:2c:0c:0f,188,2018-04-30 19:44:09,118.62487574057036,24.60420751905725,99.0077824465781
7d:f7:c8:1d:c6:a2,189,2018-04-30 19:45:09,98.64707738689944,24.477546410537204,41.69789999293534
c6:d2:8a:6c:4f:8b,190,2018-04-30 19:46:09,109.21454238587467,45.25837920833786,138.91395521653894
4c:2e:f2:c4:f7:3b,191,2018-04-30 19:47:09,106.6018974273371,28.82242180316861,56.85074082934398
a4:9e:8c:0d:4d:e0,192,2018-04-30 19:48:09,123.78125752745456,27.252522058966864,132.37986173937637
9b:b5:2a:a1:2a:b0,193,2018-04-30 19:49:09,123.87329747640877,28.37268939064516,140.14286439211324
4f:4f:b0:0c:b8:d3,194,2018-04-30 19:50:09,97.62802395273734,11.281913410341925,18.9913994909781
a6:1e:a2:1e:e7:5a,195,2018-04-30 19:51:09,109.80103114388314,35.96582885933566,108.7907744911744
e5:a5:f7:b5:a1:e0,196,2018-04-30 19:52:09,116.96583766904504,13.59913997258691,52.591312591029656
d0:d6:5b:e9:5c:d0,197,2018-04-30 19:53:09,128.65307627714972,40.75810374085688,71.89201916103661
9f:f4:9b:c6:8b:a1,198,2018-04-30 19:54:09,75.72452225837861,23.132574475892337,53.84038667425027
e5:c5:6c:7a:6d:e5,199,2018-04-30 19:55:09,133.4105376798117,35.901589116100396,104.44189202140618
b4:c1:8c:d4:d8:2b,200,2018-04-30 19:56:09,95.19057078103341,5.391989500748233,49.828608377515565
1c:0d:7c:e8:e7:e4,201,2018-04-30 19:57:09,123.47123822106133,9.370738734242039,121.18994865648253
7d:d8:5b:6c:8c:2e,202,2018-04-30 19:58:09,91.61281446455598,24.79040356645573,86.35009970978794
c5:3b:e9:f5:d8:5a,203,2018-04-30 19:59:09,93.12373278333098,11.241063798157786,28.50107921484121
c4:e3:d0:3d:6c:e6,204,2018-04-30 20:00:09,104.08618098282975,5.091590220039745,42.119606083673595
a0:5c:6d:5e:6f:5c,205,2018-04-30 20:01:09,76.70982733493483,39.89325941423914,130.9004772529045
5e:9c:a9:6f:6e:3d,206,2018-04-30 20:02:09,84.28562713438062,24.134194147873856,102.99158507278243
d9:e9:9e:d5:4c:d5,207,2018-04-30 20:03:09,134.67181742418524,37.413367429611945,142.23699143129863
b9:7b:3e:b1:6a:1c,208,2018-04-30 20:04:09,131.34954027250092,16.119862999954194,70.34611586906145
2a:a8:6e:6d:9d:9c,209,2018-04-30 20:05:09,76.85186669710367,25.01631239740374,58.18892072651908
2a:e0:d8:a6:b4:9a,210,2018-04-30 20:06:09,127.58846539999888,29.682624857133384,156.31590116630062
b5:9a:0c:6b:d6:8a,211,2018-04-30 20:07:09,112.96219208215831,16.364102283372343,111.12092190752713
7e:1d:a2:a2:7c:f9,212,2018-04-30 20:08:09,96.59286553833763,39.57431201418749,56.93719214262067
a8:e0:6e:0a:c8:a3,213,2018-04-30 20:09:09,89.12103751577702,31.06824205371979,137.39483708766696
9a:c2:0f:c4:e7:b7,214,2018-04-30 20:10:09,101.80725498113814,18.715814739397032,32.14721104898405
a0:a1:c8:c4:d9:8e,215,2018-04-30 20:11:09,130.95220916039918,12.613031751065146,7.81263808535533
c5:4d:e8:1e:a6:b7,216,2018-04-30 20:12:09,78.50905514419993,39.72766061196473,4.731177341255073
b6:d3:d8:b0:9f:5f,217,2018-04-30 20:13:09,133.22359008300307,49.90262044919252,17.03442841466652
f4:7e:d3:f0:c8:3d,218,2018-04-30 20:14:09,77.9373144309213,19.49096188257814,69.41344629175762
5a:3c:f6:5f:e7:f9,219,2018-04-30 20:15:09,121.08641838230417,42.158281220240006,7.645475907314469
7c:0f:a8:d6:1d:5c,220,2018-04-30 20:16:09,82.73414127785595,16.37085568277464,132.84451860452407
d9:f0:3a:1b:c5:6e,221,2018-04-30 20:17:09,75.23182981728671,15.516689950183615,150.02895456592555
6e:0b:1a:b7:d9:6b,222,2018-04-30 20:18:09,105.36690106256034,40.320677026123185,3.411354590420626
b9:b7:b1:c4:d5:e9,223,2018-04-30 20:19:09,121.96848231580753,7.140313060887421,81.08610605914542
2f:5b:5a:7b:b4:4e,224,2018-04-30 20:20:09,126.16364067461367,6.63112475111671,7.578867918029174
2f:4a:6c:a7:d6:a6,225,2018-04-30 20:21:09,81.39063027605353,50.048956899305985,21.658118902349365
b5:4a:b4:e4:9e:2e,226,2018-04-30 20:22:09,133.85994442510403,18.544527193939246,26.574507481428135
9d:e4:8c:a9:5d:2d,227,2018-04-30 20:23:09,82.14735985789018,14.997683654397825,86.99878925950809
a5:a8:f9:8a:1f:e6,228,2018-04-30 20:24:09,109.39373322238207,43.119872776937804,8.291947522497933
e4:5e:4b:4d:b8:9b,229,2018-04-30 20:25:09,101.0248833423073,29.2624163849636,42.325350839173154
1b:e2:d3:b1:c4:9d,230,2018-04-30 20:26:09,83.14680520843694,11.987250910388706,145.4691059710085
c5:9d:e2:b5:a7:c4,231,2018-04-30 20:27:09,83.20740986524035,41.29724990922226,59.203531726588444
e8:8a:b3:9e:7c:9e,232,2018-04-30 20:28:09,107.14046279885738,43.17360129588672,140.48588186325745
b8:9e:c1:2a:3f:d7,233,2018-04-30 20:29:09,124.97900136758858,22.20009063539058,91.86088616189365
d5:2c:5c:0c:c6:7d,234,2018-04-30 20:30:09,75.50495486243656,32.085256734922126,102.67267614852128
a8:0f:0f:f9:b8:e2,235,2018-04-30 20:31:09,122.57100688958735,27.890420720327853,14.89338226550475
3f:a7:c3:e5:f1:9a,236,2018-04-30 20:32:09,132.01484902391496,46.66661696125137,95.35192133537771
d7:5d:c2:7d:8e:f0,237,2018-04-30 20:33:09,113.67503841600154,4.579779210403232,89.13834808025413
b1:f2:3a:f8:9a:f8,238,2018-04-30 20:34:09,85.75745595790441,21.76870508427395,50.462961969977776
b2:7f:9e:f7:8a:f2,239,2018-04-30 20:35:09,134.01571247204276,23.918047059689044,70.1416037048225
7a:3c:4d:b1:6b:1c,240,2018-04-30 20:36:09,124.00652753300548,25.744605286044848,94.01697027030451
c4:3d:b0:c0:c0:3d,241,2018-04-30 20:37:09,95.3583311904435,17.911788980397027,72.22414347398178
f0:7a:1c:1b:c8:4f,242,2018-04-30 20:38:09,87.99088332047393,43.030065868073535,15.75955388957952
d1:3b:1e:e9:e6:d1,243,2018-04-30 20:39:09,116.55692516762076,16.905794917349606,27.68121193613073
c9:a4:c3:7d:6a:6d,244,2018-04-30 20:40:09,110.14875557485773,45.44085484181025,39.439624677630576
4b:f5:f6:1d:f9:8e,245,2018-04-30 20:41:09,103.08253080355676,37.01939261325297,64.54912932321281
9d:1c:0e:d5:d3:6c,246,2018-04-30 20:42:09,121.27311274734771,35.50578507664637,36.45350618013354
5b:d1:e5:d0:1c:a3,247,2018-04-30 20:43:09,94.15060482999523,20.565784625663653,83.06718022063879
b5:6a:5e:5d:3a:f3,248,2018-04-30 20:44:09,123.73025421625331,9.199356105698932,0.7451332744362916
e9:e3:c5:c3:5a:a1,249,2018-04-30 20:45:09,130.55496894735967,7.806623519423935,137.19997292872682
9a:b1:2e:f8:1e:f9,250,2018-04-30 20:46:09,111.86421708538316,31.065891337660105,111.15467550073927
d2:a5:5b:4f:a8:f8,251,2018-04-30 20:47:09,109.56116254298526,10.466614852406208,31.96219477887213
5e:0f:d3:b2:6e:e1,252,2018-04-30 20:48:09,107.98403837234025,22.85970700657182,74.89485153370364
e1:5e:c1:5c:e3:c1,253,2018-04-30 20:49:09,81.70964258821836,12.384656208483019,63.75059949515138
5a:3c:f4:b2:f0:e0,254,2018-04-30 20:50:09,95.13434068153285,33.41503330353353,23.99086596299602
e0:a4:d3:b2:6f:1c,255,2018-04-30 20:51:09,101.48269483902904,40.9772528625936,80.60071045611423
1f:1f:7b:6f:b4:c7,256,2018-04-30 20:52:09,122.43730151119269,15.534790286759426,48.59055871788889
b7:7b:0e:2e:e5:6d,257,2018-04-30 20:53:09,118.9407223914156,42.58076452184896,145.7467683032362
c1:a2:b9:6c:3f:3c,258,2018-04-30 20:54:09,93.56714774685403,26.270716978132654,60.32170708172762
2e:e1:8e:b5:b0:4c,259,2018-04-30 20:55:09,130.80578395801552,21.46749026662997,151.3647476949158
f0:f0:a1:d1:6d:d8,260,2018-04-30 20:56:09,132.3513001075101,16.132755846372646,70.31031599286587
e8:3f:b1:a2:1b:4d,261,2018-04-30 20:57:09,107.64260988446503,37.014037254872086,159.21973614013706
c3:1c:a4:f9:c3:b8,262,2018-04-30 20:58:09,124.28923861698166,18.974325882717487,137.81785552130555
8a:0f:e6:e3:c7:7c,263,2018-04-30 20:59:09,118.7802397401824,32.10988969765173,4.998666656236312
0d:f8:8b:b8:a9:9b,264,2018-04-30 21:00:09,99.95513930694499,5.136251892581887,65.27154458402696
e6:5b:b5:0c:e6:e7,265,2018-04-30 21:01:09,89.24421255890933,47.92959849290774,137.37422682698917
b7:a9:c4:b6:4a:1a,266,2018-04-30 21:02:09,105.76551499969175,13.578634466168998,125.59823176128037
5b:d4:3d:f5:d8:e3,267,2018-04-30 21:03:09,98.42830249595858,10.226442732171758,36.54914644674062
0f:5e:d5:2f:f0:d0,268,2018-04-30 21:04:09,98.97193332669467,43.835107466344674,139.0312869303979
3b:3d:1e:1f:2d:3d,269,2018-04-30 21:05:09,82.9920310185579,8.030310882943741,78.11517799282935
e9:c2:d0:c3:9b:5d,270,2018-04-30 21:06:09,117.3299595071959,29.048141600952036,67.35231998684347
1a:8c:d4:a4:0d:3c,271,2018-04-30 21:07:09,85.75613396351105,51.6816465812228,98.5188896166404
e3:0e:1a:9d:d1:e1,272,2018-04-30 21:08:09,98.04848175132598,9.361647658848781,86.91637255140506
a5:1e:0a:4f:c4:9e,273,2018-04-30 21:09:09,124.07071864727817,52.157342626910726,94.48936962450306
b2:3d:8a:6e:9f:1b,274,2018-04-30 21:10:09,132.0231633546772,28.477013555525364,88.26934592786887
5e:b1:2e:f4:5b:7c,275,2018-04-30 21:11:09,106.01226480550704,33.74515248956433,22.642518645938488
9e:a3:a2:8a:f3:4e,276,2018-04-30 21:12:09,104.50321875495543,27.916850311964623,45.412316956258685
4b:a3:4b:e1:4e:e7,277,2018-04-30 21:13:09,85.29125493232246,43.8107656691097,2.254561615914217
0e:e5:a2:3c:7b:9f,278,2018-04-30 21:14:09,132.7172210709876,30.678371765401874,1.6437417982500173
0c:c1:b8:a2:c2:9f,279,2018-04-30 21:15:09,90.27961246540846,18.05121692628526,66.7765963120232
4c:2b:6a:9a:9c:3f,280,2018-04-30 21:16:09,131.16913603804875,49.030651542623616,31.932376130382828
c3:f7:4c:d4:0a:a1,281,2018-04-30 21:17:09,107.98565100543377,29.366337274941934,127.00159434468026
a8:1f:8c:0f:5c:7b,282,2018-04-30 21:18:09,121.50374456511342,11.889675714359775,105.25868251509094
d7:0f:e4:4e:6a:d4,283,2018-04-30 21:19:09,127.87615525169048,27.112881584147026,29.70645656658948
d5:a7:8f:f5:5d:2a,284,2018-04-30 21:20:09,129.377746621555,31.880745906880883,50.47568319230612
c1:5e:9a:0d:5c:6b,285,2018-04-30 21:21:09,106.90365502992381,45.2407061407811,91.20486287909522
f8:b0:e4:0c:9f:1d,286,2018-04-30 21:22:09,106.40069483257008,4.780228238028942,26.058563812433263
e6:6b:a5:a8:6e:5e,287,2018-04-30 21:23:09,87.6482734444919,40.596388955301975,3.450980836487695
8d:a7:d1:b0:2e:d5,288,2018-04-30 21:24:09,129.87399632789658,35.30162550534297,123.6701001870138
e2:a4:1b:6b:0f:6c,289,2018-04-30 21:25:09,116.99490042608957,20.858331013425012,114.62477875871173
c6:8b:7a:e1:6e:4f,290,2018-04-30 21:26:09,110.255707233463,24.144117797585135,43.57037029221297
f6:0d:0f:8d:e8:0d,291,2018-04-30 21:27:09,106.12036312543077,15.669391934236586,115.86434000894644
9a:5a:5d:7c:5a:f6,292,2018-04-30 21:28:09,118.46630236734865,12.386440704621192,75.20663694472215
2a:9d:5e:e3:c1:a8,293,2018-04-30 21:29:09,125.94387502960294,45.74465378943527,27.473789106388445
8a:3e:d0:c7:6a:9e,294,2018-04-30 21:30:09,75.0091124097675,43.21067788907176,90.35067483870156
9b:d7:9a:2b:5e:b5,295,2018-04-30 21:31:09,98.29268834003399,34.37577649538729,107.56981423847304
2e:3d:8d:f9:c0:3e,296,2018-04-30 21:32:09,126.87556065017401,5.233743325136329,109.29217976064803
f0:5c:b1:f6:c3:e1,297,2018-04-30 21:33:09,85.59858654211659,7.274615713550144,133.11492198339067
e3:3c:2d:8b:a7:b1,298,2018-04-30 21:34:09,86.76730911452033,22.897305103700496,25.741777498423087
9d:b0:7c:f5:d8:d9,299,2018-04-30 21:35:09,121.6391003189733,44.473457829737185,76.60849094503214
9f:a1:7d:e2:1b:d0,300,2018-04-30 21:36:09,77.61890484041143,17.493251789667,130.9321652106966